<html>
<head>
<title>TestNG:  Personal loan</title>
<link href="../testng.css" rel="stylesheet" type="text/css" />
<link href="../my-testng.css" rel="stylesheet" type="text/css" />

<style type="text/css">
.log { display: none;} 
.stack-trace { display: none;} 
</style>
<script type="text/javascript">
<!--
function flip(e) {
  current = e.style.display;
  if (current == 'block') {
    e.style.display = 'none';
    return 0;
  }
  else {
    e.style.display = 'block';
    return 1;
  }
}

function toggleBox(szDivId, elem, msg1, msg2)
{
  var res = -1;  if (document.getElementById) {
    res = flip(document.getElementById(szDivId));
  }
  else if (document.all) {
    // this is the way old msie versions work
    res = flip(document.all[szDivId]);
  }
  if(elem) {
    if(res == 0) elem.innerHTML = msg1; else elem.innerHTML = msg2;
  }

}

function toggleAllBoxes() {
  if (document.getElementsByTagName) {
    d = document.getElementsByTagName('div');
    for (i = 0; i < d.length; i++) {
      if (d[i].className == 'log') {
        flip(d[i]);
      }
    }
  }
}

// -->
</script>

</head>
<body>
<h2 align='center'>Personal loan</h2><table border='1' align="center">
<tr>
<td>Tests passed/Failed/Skipped:</td><td>11/1/0</td>
</tr><tr>
<td>Started on:</td><td>Wed Mar 18 10:42:17 IST 2020</td>
</tr>
<tr><td>Total time:</td><td>0 seconds (168 ms)</td>
</tr><tr>
<td>Included groups:</td><td></td>
</tr><tr>
<td>Excluded groups:</td><td></td>
</tr>
</table><p/>
<small><i>(Hover the method name to see the test class name)</i></small><p/>
<table width='100%' border='1' class='invocation-failed'>
<tr><td colspan='4' align='center'><b>FAILED TESTS</b></td></tr>
<tr><td><b>Test method</b></td>
<td width="30%"><b>Exception</b></td>
<td width="10%"><b>Time (seconds)</b></td>
<td><b>Instance</b></td>
</tr>
<tr>
<td title='test.Day3.webloginHomeloan()'><b>webloginHomeloan</b><br>Test class: test.Day3</td>
<td><div><pre>org.testng.TestNGException: 
Parameter &apos;URL&apos; is required by @Test on method webloginHomeloan but has not been marked @Optional or defined
in C:\Users\ramana\eclipse-workspace\TestNGtutorial\testng2.xml
... Removed 24 stack frames</pre></div><a href='#' onClick='toggleBox("stack-trace731260860", this, "Click to show all stack frames", "Click to hide stack frames")'>Click to show all stack frames</a>
<div class='stack-trace' id='stack-trace731260860'><pre>org.testng.TestNGException: 
Parameter &apos;URL&apos; is required by @Test on method webloginHomeloan but has not been marked @Optional or defined
in C:\Users\ramana\eclipse-workspace\TestNGtutorial\testng2.xml
	at org.testng.internal.Parameters.createParams(Parameters.java:290)
	at org.testng.internal.Parameters.createParametersForMethod(Parameters.java:359)
	at org.testng.internal.Parameters.createParameters(Parameters.java:620)
	at org.testng.internal.Parameters.handleParameters(Parameters.java:769)
	at org.testng.internal.ParameterHandler.handleParameters(ParameterHandler.java:49)
	at org.testng.internal.ParameterHandler.createParameters(ParameterHandler.java:37)
	at org.testng.internal.Invoker.invokeTestMethods(Invoker.java:924)
	at org.testng.internal.TestMethodWorker.invokeTestMethods(TestMethodWorker.java:125)
	at org.testng.internal.TestMethodWorker.run(TestMethodWorker.java:109)
	at org.testng.TestRunner.privateRun(TestRunner.java:648)
	at org.testng.TestRunner.run(TestRunner.java:505)
	at org.testng.SuiteRunner.runTest(SuiteRunner.java:455)
	at org.testng.SuiteRunner.runSequentially(SuiteRunner.java:450)
	at org.testng.SuiteRunner.privateRun(SuiteRunner.java:415)
	at org.testng.SuiteRunner.run(SuiteRunner.java:364)
	at org.testng.SuiteRunnerWorker.runSuite(SuiteRunnerWorker.java:52)
	at org.testng.SuiteRunnerWorker.run(SuiteRunnerWorker.java:84)
	at org.testng.TestNG.runSuitesSequentially(TestNG.java:1208)
	at org.testng.TestNG.runSuitesLocally(TestNG.java:1137)
	at org.testng.TestNG.runSuites(TestNG.java:1049)
	at org.testng.TestNG.run(TestNG.java:1017)
	at org.testng.remote.AbstractRemoteTestNG.run(AbstractRemoteTestNG.java:114)
	at org.testng.remote.RemoteTestNG.initAndRun(RemoteTestNG.java:251)
	at org.testng.remote.RemoteTestNG.main(RemoteTestNG.java:77)
</pre></div></td>
<td>0</td>
<td>test.Day3@548a9f61</td></tr>
</table><p>
<table width='100%' border='1' class='invocation-passed'>
<tr><td colspan='4' align='center'><b>PASSED TESTS</b></td></tr>
<tr><td><b>Test method</b></td>
<td width="30%"><b>Exception</b></td>
<td width="10%"><b>Time (seconds)</b></td>
<td><b>Instance</b></td>
</tr>
<tr>
<td title='test.Tng1.Demo()'><b>Demo</b><br>Test class: test.Tng1</td>
<td></td>
<td>0</td>
<td>test.Tng1@2a2d45ba</td></tr>
<tr>
<td title='test.Day4.LoginAPIcarloan()'><b>LoginAPIcarloan</b><br>Test class: test.Day4</td>
<td></td>
<td>0</td>
<td>test.Day4@7c16905e</td></tr>
<tr>
<td title='test.Day3.LoginAPIhomeloan()'><b>LoginAPIhomeloan</b><br>Test class: test.Day3</td>
<td></td>
<td>0</td>
<td>test.Day3@548a9f61</td></tr>
<tr>
<td title='test.Day4.Mobilelogincarloan()'><b>Mobilelogincarloan</b><br>Test class: test.Day4</td>
<td></td>
<td>0</td>
<td>test.Day4@7c16905e</td></tr>
<tr>
<td title='test.Day3.Mobileloginhomeloan()'><b>Mobileloginhomeloan</b><br>Test class: test.Day3</td>
<td></td>
<td>0</td>
<td>test.Day3@548a9f61</td></tr>
<tr>
<td title='test.Day4.Mobilesignoutmcarloan()'><b>Mobilesignoutmcarloan</b><br>Test class: test.Day4<br>Parameters: firstsetusername, firstpassword</td>
<td></td>
<td>0</td>
<td>test.Day4@7c16905e</td></tr>
<tr>
<td title='test.Day4.Mobilesignoutmcarloan()'><b>Mobilesignoutmcarloan</b><br>Test class: test.Day4<br>Parameters: secondsetusername, secondpassword</td>
<td></td>
<td>0</td>
<td>test.Day4@7c16905e</td></tr>
<tr>
<td title='test.Day4.Mobilesignoutmcarloan()'><b>Mobilesignoutmcarloan</b><br>Test class: test.Day4<br>Parameters: thirdsetusername, thirdpassword</td>
<td></td>
<td>0</td>
<td>test.Day4@7c16905e</td></tr>
<tr>
<td title='test.Day2.ploan()'><b>ploan</b><br>Test class: test.Day2</td>
<td></td>
<td>0</td>
<td>test.Day2@1753acfe</td></tr>
<tr>
<td title='test.Tng1.secondTest()'><b>secondTest</b><br>Test class: test.Tng1</td>
<td></td>
<td>0</td>
<td>test.Tng1@2a2d45ba</td></tr>
<tr>
<td title='test.Day4.weblogincarloan()'><b>weblogincarloan</b><br>Test class: test.Day4</td>
<td></td>
<td>0</td>
<td>test.Day4@7c16905e</td></tr>
</table><p>
</body>
</html>