<?xml version="1.0" encoding="UTF-8"?>
<!-- Generated by org.testng.reporters.JUnitXMLReporter -->
<testsuite hostname="DESKTOP-BOHMKHG" ignored="1" name="Personal loan" tests="12" failures="1" timestamp="18 Mar 2020 05:12:18 GMT" time="0.168" errors="0">
  <testcase name="ploan" time="0.012" classname="test.Day2"/>
  <testcase name="LoginAPIhomeloan" time="0.003" classname="test.Day3"/>
  <testcase name="Mobileloginhomeloan" time="0.004" classname="test.Day3"/>
  <testcase name="webloginHomeloan" time="0.0" classname="test.Day3">
    <failure type="org.testng.TestNGException" message="
Parameter &amp;apos;URL&amp;apos; is required by @Test on method webloginHomeloan but has not been marked @Optional or defined
in C:\Users\ramana\eclipse-workspace\TestNGtutorial\testng2.xml">
      <![CDATA[org.testng.TestNGException: 
Parameter 'URL' is required by @Test on method webloginHomeloan but has not been marked @Optional or defined
in C:\Users\ramana\eclipse-workspace\TestNGtutorial\testng2.xml
... Removed 24 stack frames]]>
    </failure>
  </testcase> <!-- webloginHomeloan -->
  <testcase name="LoginAPIcarloan" time="0.003" classname="test.Day4"/>
  <testcase name="Mobilelogincarloan" time="0.002" classname="test.Day4"/>
  <testcase name="Mobilesignoutmcarloan" time="0.013" classname="test.Day4"/>
  <testcase name="Mobilesignoutmcarloan" time="0.003" classname="test.Day4"/>
  <testcase name="Mobilesignoutmcarloan" time="0.003" classname="test.Day4"/>
  <testcase name="weblogincarloan" time="0.002" classname="test.Day4"/>
  <testcase name="Demo" time="0.002" classname="test.Tng1"/>
  <testcase name="secondTest" time="0.004" classname="test.Tng1"/>
  <testcase name="Mobileloginmcarloan" time="0.0" classname="test.Day4">
    <ignored/>
  </testcase> <!-- Mobileloginmcarloan -->
</testsuite> <!-- Personal loan -->
